[2025-06-27 12:46:13,296]1025 httpx-INFO-HTTP Request: GET https://dagshub.com/api/v1/user "HTTP/1.1 200 OK"
[2025-06-27 12:46:13,301]107 dagshub-INFO-Accessing as achaltrivedi1325
[2025-06-27 12:46:13,868]1025 httpx-INFO-HTTP Request: GET https://dagshub.com/api/v1/repos/achaltrivedi1325/Network-Security "HTTP/1.1 200 OK"
[2025-06-27 12:46:14,384]1025 httpx-INFO-HTTP Request: GET https://dagshub.com/api/v1/user "HTTP/1.1 200 OK"
[2025-06-27 12:46:14,384]107 dagshub-INFO-Initialized MLflow to track repo "achaltrivedi1325/Network-Security"
[2025-06-27 12:46:14,400]107 dagshub-INFO-Repository achaltrivedi1325/Network-Security initialized!
[2025-06-27 12:46:34,175]31 root-INFO-Start data Ingestion
[2025-06-27 12:46:36,726]64 root-INFO-Performed train test split on the dataframe
[2025-06-27 12:46:36,727]66 root-INFO-Exited split_data_as_train_test method of Data_Ingestion class
[2025-06-27 12:46:36,727]74 root-INFO-Exporting train and test file path.
[2025-06-27 12:46:36,814]83 root-INFO-Exported train and test file path.
[2025-06-27 12:46:36,815]34 root-INFO-Data Ingestion completed and artifact: DataIngestionArtifact(trained_file_path='Artifacts\\06_27_2025_12_46_11\\data_ingestion\\ingested\\train.csv', test_file_path='Artifacts\\06_27_2025_12_46_11\\data_ingestion\\ingested\\test.csv')
[2025-06-27 12:46:36,824]44 root-INFO-Initiate the data Validation
[2025-06-27 12:46:36,922]32 root-INFO-Required number of columns:2
[2025-06-27 12:46:36,922]33 root-INFO-Data frame has columns:31
[2025-06-27 12:46:36,922]32 root-INFO-Required number of columns:2
[2025-06-27 12:46:36,922]33 root-INFO-Data frame has columns:31
[2025-06-27 12:46:37,138]63 root-INFO-Entered initiate_data_transformation method of DataTransformation class
[2025-06-27 12:46:37,139]65 root-INFO-Starting data transformation
[2025-06-27 12:46:37,168]48 root-INFO-Entered get_data_transformer_object method of Transformation class
[2025-06-27 12:46:37,168]53 root-INFO-Initialise KNNImputer with {'missing_values': nan, 'n_neighbors': 3, 'weights': 'uniform'}
[2025-06-27 12:46:37,191]46 root-INFO-Entered the save_object method of MainUtils class
[2025-06-27 12:46:37,195]50 root-INFO-Exited the save_object method of MainUtils class
[2025-06-27 12:46:37,196]46 root-INFO-Entered the save_object method of MainUtils class
[2025-06-27 12:46:37,200]50 root-INFO-Exited the save_object method of MainUtils class
[2025-06-27 12:47:41,752]46 root-INFO-Entered the save_object method of MainUtils class
[2025-06-27 12:47:41,767]50 root-INFO-Exited the save_object method of MainUtils class
[2025-06-27 12:47:41,767]46 root-INFO-Entered the save_object method of MainUtils class
[2025-06-27 12:47:41,781]50 root-INFO-Exited the save_object method of MainUtils class
[2025-06-27 12:47:41,781]119 root-INFO-Model trainer artifact created: ModelTrainerArtifact(trained_model_file_path='Artifacts\\06_27_2025_12_46_11\\model_trainer\\trained_model\\model.pkl', trained_metric_artifact=ClassificationMetricArtifact(f1_score=0.9915966386554622, precision_score=0.9892929292929293, recall_score=0.9939111020905216), test_metric_artifact=ClassificationMetricArtifact(f1_score=0.9729073999191266, precision_score=0.9678197908286403, recall_score=0.9780487804878049))
