[2025-06-27 12:39:44,395]1025 httpx-INFO-HTTP Request: GET https://dagshub.com/api/v1/user "HTTP/1.1 200 OK"
[2025-06-27 12:39:44,409]107 dagshub-INFO-Accessing as achaltrivedi1325
[2025-06-27 12:39:45,283]1025 httpx-INFO-HTTP Request: GET https://dagshub.com/api/v1/repos/achaltrivedi1325/Network-Security "HTTP/1.1 200 OK"
[2025-06-27 12:39:46,064]1025 httpx-INFO-HTTP Request: GET https://dagshub.com/api/v1/user "HTTP/1.1 200 OK"
[2025-06-27 12:39:46,068]107 dagshub-INFO-Initialized MLflow to track repo "achaltrivedi1325/Network-Security"
[2025-06-27 12:39:46,070]107 dagshub-INFO-Repository achaltrivedi1325/Network-Security initialized!
[2025-06-27 12:41:11,725]35 root-INFO-Start data Ingestion
[2025-06-27 12:41:13,556]64 root-INFO-Performed train test split on the dataframe
[2025-06-27 12:41:13,557]66 root-INFO-Exited split_data_as_train_test method of Data_Ingestion class
[2025-06-27 12:41:13,557]74 root-INFO-Exporting train and test file path.
[2025-06-27 12:41:13,597]83 root-INFO-Exported train and test file path.
[2025-06-27 12:41:13,597]38 root-INFO-Data Ingestion completed and artifact: DataIngestionArtifact(trained_file_path='Artifacts\\06_27_2025_12_39_31\\data_ingestion\\ingested\\train.csv', test_file_path='Artifacts\\06_27_2025_12_39_31\\data_ingestion\\ingested\\test.csv')
[2025-06-27 12:41:13,602]48 root-INFO-Initiate the data Validation
[2025-06-27 12:41:13,693]32 root-INFO-Required number of columns:2
[2025-06-27 12:41:13,693]33 root-INFO-Data frame has columns:31
[2025-06-27 12:41:13,693]32 root-INFO-Required number of columns:2
[2025-06-27 12:41:13,693]33 root-INFO-Data frame has columns:31
[2025-06-27 12:41:13,801]63 root-INFO-Entered initiate_data_transformation method of DataTransformation class
[2025-06-27 12:41:13,801]65 root-INFO-Starting data transformation
[2025-06-27 12:41:13,819]48 root-INFO-Entered get_data_transformer_object method of Transformation class
[2025-06-27 12:41:13,819]53 root-INFO-Initialise KNNImputer with {'missing_values': nan, 'n_neighbors': 3, 'weights': 'uniform'}
[2025-06-27 12:41:13,829]46 root-INFO-Entered the save_object method of MainUtils class
[2025-06-27 12:41:13,831]50 root-INFO-Exited the save_object method of MainUtils class
[2025-06-27 12:41:13,831]46 root-INFO-Entered the save_object method of MainUtils class
[2025-06-27 12:41:13,833]50 root-INFO-Exited the save_object method of MainUtils class
