[2025-06-27 11:31:40,331]1025 httpx-INFO-HTTP Request: GET https://dagshub.com/api/v1/user "HTTP/1.1 200 OK"
[2025-06-27 11:31:40,348]107 dagshub-INFO-Accessing as achaltrivedi1325
[2025-06-27 11:31:40,896]1025 httpx-INFO-HTTP Request: GET https://dagshub.com/api/v1/repos/achaltrivedi1325/Network-Security "HTTP/1.1 200 OK"
[2025-06-27 11:31:41,425]1025 httpx-INFO-HTTP Request: GET https://dagshub.com/api/v1/user "HTTP/1.1 200 OK"
[2025-06-27 11:31:41,430]107 dagshub-INFO-Initialized MLflow to track repo "achaltrivedi1325/Network-Security"
[2025-06-27 11:31:41,431]107 dagshub-INFO-Repository achaltrivedi1325/Network-Security initialized!
[2025-06-27 11:31:41,442]17 root-INFO-Initiating data ingestion component
[2025-06-27 11:31:43,101]64 root-INFO-Performed train test split on the dataframe
[2025-06-27 11:31:43,103]66 root-INFO-Exited split_data_as_train_test method of Data_Ingestion class
[2025-06-27 11:31:43,103]74 root-INFO-Exporting train and test file path.
[2025-06-27 11:31:43,138]83 root-INFO-Exported train and test file path.
[2025-06-27 11:31:43,138]19 root-INFO-Data Ingestion completed successfully
[2025-06-27 11:31:43,142]22 root-INFO-Initiating data validation component
[2025-06-27 11:31:43,220]32 root-INFO-Required number of columns:2
[2025-06-27 11:31:43,220]33 root-INFO-Data frame has columns:31
[2025-06-27 11:31:43,220]32 root-INFO-Required number of columns:2
[2025-06-27 11:31:43,220]33 root-INFO-Data frame has columns:31
[2025-06-27 11:31:43,330]24 root-INFO-Data Validation completed successfully
[2025-06-27 11:31:43,330]27 root-INFO-Data Transformation Started
[2025-06-27 11:31:43,330]63 root-INFO-Entered initiate_data_transformation method of DataTransformation class
[2025-06-27 11:31:43,330]65 root-INFO-Starting data transformation
[2025-06-27 11:31:43,347]48 root-INFO-Entered get_data_transformer_object method of Transformation class
[2025-06-27 11:31:43,347]53 root-INFO-Initialise KNNImputer with {'missing_values': nan, 'n_neighbors': 3, 'weights': 'uniform'}
[2025-06-27 11:31:43,355]46 root-INFO-Entered the save_object method of MainUtils class
[2025-06-27 11:31:43,359]50 root-INFO-Exited the save_object method of MainUtils class
[2025-06-27 11:31:43,359]46 root-INFO-Entered the save_object method of MainUtils class
[2025-06-27 11:31:43,361]50 root-INFO-Exited the save_object method of MainUtils class
[2025-06-27 11:31:43,361]31 root-INFO-Data Transformation Completed
[2025-06-27 11:31:43,361]33 root-INFO-Model Training Started
