[2025-06-27 11:55:01,241]1025 httpx-INFO-HTTP Request: GET https://dagshub.com/api/v1/user "HTTP/1.1 200 OK"
[2025-06-27 11:55:01,241]107 dagshub-INFO-Accessing as achaltrivedi1325
[2025-06-27 11:55:01,840]1025 httpx-INFO-HTTP Request: GET https://dagshub.com/api/v1/repos/achaltrivedi1325/Network-Security "HTTP/1.1 200 OK"
[2025-06-27 11:55:02,373]1025 httpx-INFO-HTTP Request: GET https://dagshub.com/api/v1/user "HTTP/1.1 200 OK"
[2025-06-27 11:55:02,377]107 dagshub-INFO-Initialized MLflow to track repo "achaltrivedi1325/Network-Security"
[2025-06-27 11:55:02,377]107 dagshub-INFO-Repository achaltrivedi1325/Network-Security initialized!
[2025-06-27 11:55:02,393]17 root-INFO-Initiating data ingestion component
[2025-06-27 11:55:03,977]64 root-INFO-Performed train test split on the dataframe
[2025-06-27 11:55:03,977]66 root-INFO-Exited split_data_as_train_test method of Data_Ingestion class
[2025-06-27 11:55:03,977]74 root-INFO-Exporting train and test file path.
[2025-06-27 11:55:04,007]83 root-INFO-Exported train and test file path.
[2025-06-27 11:55:04,007]19 root-INFO-Data Ingestion completed successfully
[2025-06-27 11:55:04,007]22 root-INFO-Initiating data validation component
[2025-06-27 11:55:04,084]32 root-INFO-Required number of columns:2
[2025-06-27 11:55:04,084]33 root-INFO-Data frame has columns:31
[2025-06-27 11:55:04,084]32 root-INFO-Required number of columns:2
[2025-06-27 11:55:04,084]33 root-INFO-Data frame has columns:31
[2025-06-27 11:55:04,192]24 root-INFO-Data Validation completed successfully
[2025-06-27 11:55:04,192]27 root-INFO-Data Transformation Started
[2025-06-27 11:55:04,192]63 root-INFO-Entered initiate_data_transformation method of DataTransformation class
[2025-06-27 11:55:04,192]65 root-INFO-Starting data transformation
[2025-06-27 11:55:04,206]48 root-INFO-Entered get_data_transformer_object method of Transformation class
[2025-06-27 11:55:04,207]53 root-INFO-Initialise KNNImputer with {'missing_values': nan, 'n_neighbors': 3, 'weights': 'uniform'}
[2025-06-27 11:55:04,222]46 root-INFO-Entered the save_object method of MainUtils class
[2025-06-27 11:55:04,225]50 root-INFO-Exited the save_object method of MainUtils class
[2025-06-27 11:55:04,225]46 root-INFO-Entered the save_object method of MainUtils class
[2025-06-27 11:55:04,227]50 root-INFO-Exited the save_object method of MainUtils class
[2025-06-27 11:55:04,227]31 root-INFO-Data Transformation Completed
[2025-06-27 11:55:04,227]33 root-INFO-Model Training Started
