[2025-06-27 11:47:18,509]1025 httpx-INFO-HTTP Request: GET https://dagshub.com/api/v1/user "HTTP/1.1 200 OK"
[2025-06-27 11:47:18,511]107 dagshub-INFO-Accessing as achaltrivedi1325
[2025-06-27 11:47:19,076]1025 httpx-INFO-HTTP Request: GET https://dagshub.com/api/v1/repos/achaltrivedi1325/Network-Security "HTTP/1.1 200 OK"
[2025-06-27 11:47:19,602]1025 httpx-INFO-HTTP Request: GET https://dagshub.com/api/v1/user "HTTP/1.1 200 OK"
[2025-06-27 11:47:19,602]107 dagshub-INFO-Initialized MLflow to track repo "achaltrivedi1325/Network-Security"
[2025-06-27 11:47:19,602]107 dagshub-INFO-Repository achaltrivedi1325/Network-Security initialized!
[2025-06-27 11:47:19,615]17 root-INFO-Initiating data ingestion component
[2025-06-27 11:47:21,209]64 root-INFO-Performed train test split on the dataframe
[2025-06-27 11:47:21,209]66 root-INFO-Exited split_data_as_train_test method of Data_Ingestion class
[2025-06-27 11:47:21,209]74 root-INFO-Exporting train and test file path.
[2025-06-27 11:47:21,240]83 root-INFO-Exported train and test file path.
[2025-06-27 11:47:21,240]19 root-INFO-Data Ingestion completed successfully
[2025-06-27 11:47:21,256]22 root-INFO-Initiating data validation component
[2025-06-27 11:47:21,328]32 root-INFO-Required number of columns:2
[2025-06-27 11:47:21,328]33 root-INFO-Data frame has columns:31
[2025-06-27 11:47:21,328]32 root-INFO-Required number of columns:2
[2025-06-27 11:47:21,328]33 root-INFO-Data frame has columns:31
[2025-06-27 11:47:21,446]24 root-INFO-Data Validation completed successfully
[2025-06-27 11:47:21,446]27 root-INFO-Data Transformation Started
[2025-06-27 11:47:21,446]63 root-INFO-Entered initiate_data_transformation method of DataTransformation class
[2025-06-27 11:47:21,446]65 root-INFO-Starting data transformation
[2025-06-27 11:47:21,469]48 root-INFO-Entered get_data_transformer_object method of Transformation class
[2025-06-27 11:47:21,469]53 root-INFO-Initialise KNNImputer with {'missing_values': nan, 'n_neighbors': 3, 'weights': 'uniform'}
[2025-06-27 11:47:21,484]46 root-INFO-Entered the save_object method of MainUtils class
[2025-06-27 11:47:21,487]50 root-INFO-Exited the save_object method of MainUtils class
[2025-06-27 11:47:21,487]46 root-INFO-Entered the save_object method of MainUtils class
[2025-06-27 11:47:21,489]50 root-INFO-Exited the save_object method of MainUtils class
[2025-06-27 11:47:21,489]31 root-INFO-Data Transformation Completed
[2025-06-27 11:47:21,489]33 root-INFO-Model Training Started
