[2025-06-27 12:00:28,410]1025 httpx-INFO-HTTP Request: GET https://dagshub.com/api/v1/user "HTTP/1.1 200 OK"
[2025-06-27 12:00:28,413]107 dagshub-INFO-Accessing as achaltrivedi1325
[2025-06-27 12:00:28,990]1025 httpx-INFO-HTTP Request: GET https://dagshub.com/api/v1/repos/achaltrivedi1325/Network-Security "HTTP/1.1 200 OK"
[2025-06-27 12:00:29,521]1025 httpx-INFO-HTTP Request: GET https://dagshub.com/api/v1/user "HTTP/1.1 200 OK"
[2025-06-27 12:00:29,531]107 dagshub-INFO-Initialized MLflow to track repo "achaltrivedi1325/Network-Security"
[2025-06-27 12:00:29,531]107 dagshub-INFO-Repository achaltrivedi1325/Network-Security initialized!
[2025-06-27 12:00:29,542]17 root-INFO-Initiating data ingestion component
[2025-06-27 12:00:31,188]64 root-INFO-Performed train test split on the dataframe
[2025-06-27 12:00:31,188]66 root-INFO-Exited split_data_as_train_test method of Data_Ingestion class
[2025-06-27 12:00:31,188]74 root-INFO-Exporting train and test file path.
[2025-06-27 12:00:31,220]83 root-INFO-Exported train and test file path.
[2025-06-27 12:00:31,220]19 root-INFO-Data Ingestion completed successfully
[2025-06-27 12:00:31,237]22 root-INFO-Initiating data validation component
[2025-06-27 12:00:31,312]32 root-INFO-Required number of columns:2
[2025-06-27 12:00:31,312]33 root-INFO-Data frame has columns:31
[2025-06-27 12:00:31,312]32 root-INFO-Required number of columns:2
[2025-06-27 12:00:31,312]33 root-INFO-Data frame has columns:31
[2025-06-27 12:00:31,421]24 root-INFO-Data Validation completed successfully
[2025-06-27 12:00:31,421]27 root-INFO-Data Transformation Started
[2025-06-27 12:00:31,421]63 root-INFO-Entered initiate_data_transformation method of DataTransformation class
[2025-06-27 12:00:31,421]65 root-INFO-Starting data transformation
[2025-06-27 12:00:31,422]48 root-INFO-Entered get_data_transformer_object method of Transformation class
[2025-06-27 12:00:31,422]53 root-INFO-Initialise KNNImputer with {'missing_values': nan, 'n_neighbors': 3, 'weights': 'uniform'}
[2025-06-27 12:00:31,444]46 root-INFO-Entered the save_object method of MainUtils class
[2025-06-27 12:00:31,444]50 root-INFO-Exited the save_object method of MainUtils class
[2025-06-27 12:00:31,444]46 root-INFO-Entered the save_object method of MainUtils class
[2025-06-27 12:00:31,450]50 root-INFO-Exited the save_object method of MainUtils class
[2025-06-27 12:00:31,450]31 root-INFO-Data Transformation Completed
[2025-06-27 12:00:31,450]33 root-INFO-Model Training Started
[2025-06-27 12:01:59,441]46 root-INFO-Entered the save_object method of MainUtils class
[2025-06-27 12:01:59,463]50 root-INFO-Exited the save_object method of MainUtils class
[2025-06-27 12:01:59,463]46 root-INFO-Entered the save_object method of MainUtils class
[2025-06-27 12:01:59,480]50 root-INFO-Exited the save_object method of MainUtils class
